<?xml version="1.0" encoding="UTF-8"?>
<!-- Generated by org.testng.reporters.JUnitReportReporter -->
<testsuite hostname="LAPTOP-DRUEEPMS" failures="0" tests="4" name="rest_assured.trello" time="6.954" errors="0" timestamp="2023-02-23T14:13:05 PST" skipped="0">
  <testcase classname="rest_assured.trello" name="Create_Boards" time="4.594"/>
  <system-out/>
  <testcase classname="rest_assured.trello" name="Create_Boards1" time="1.070"/>
  <system-out/>
  <testcase classname="rest_assured.trello" name="Delete_Boards" time="0.619"/>
  <system-out/>
  <testcase classname="rest_assured.trello" name="Get_Boards" time="0.671"/>
  <system-out/>
</testsuite> <!-- rest_assured.trello -->
