<?xml version="1.0" encoding="UTF-8"?>
<!-- Generated by org.testng.reporters.JUnitReportReporter -->
<testsuite hostname="LAPTOP-DRUEEPMS" failures="0" tests="5" name="rest_assured.reqres" time="0.010" errors="0" timestamp="2023-01-16T16:12:39 PST" skipped="4">
  <testcase classname="rest_assured.reqres" name="createresource" time="0.010"/>
  <system-out/>
  <testcase classname="rest_assured.reqres" name="testcase1">
    <skipped/>
  </testcase> <!-- testcase1 -->
  <system-out/>
  <testcase classname="rest_assured.reqres" name="updateresource">
    <skipped/>
  </testcase> <!-- updateresource -->
  <system-out/>
  <testcase classname="rest_assured.reqres" name="deleteresource">
    <skipped/>
  </testcase> <!-- deleteresource -->
  <system-out/>
  <testcase classname="rest_assured.reqres" name="getresource">
    <skipped/>
  </testcase> <!-- getresource -->
  <system-out/>
</testsuite> <!-- rest_assured.reqres -->
